# JRE version: Java(TM) SE Runtime Environment (8.0_60-b27) (build 1.8.0_60-b27)
# Java VM: Java HotSpot(TM) 64-Bit Server VM (25.60-b23 mixed mode bsd-amd64 compressed oops)
Heap:
 PSYoungGen      total 375296K, used 194980K [0x0000000780000000, 0x00000007a7e80000, 0x00000007c0000000)
  eden space 197120K, 49% used [0x0000000780000000,0x0000000785f9bbd0,0x000000078c080000)
  from space 178176K, 54% used [0x000000078c080000,0x0000000791f4d660,0x0000000796e80000)
  to   space 198144K, 0% used [0x000000079bd00000,0x000000079bd00000,0x00000007a7e80000)
 ParOldGen       total 506880K, used 312125K [0x0000000700000000, 0x000000071ef00000, 0x0000000780000000)
  object space 506880K, 61% used [0x0000000700000000,0x00000007130cf758,0x000000071ef00000)
 Metaspace       used 49140K, capacity 49806K, committed 50224K, reserved 1093632K
  class space    used 5913K, capacity 6086K, committed 6192K, reserved 1048576K
GC Heap History (10 events):
Event: 8.220 GC heap before
{Heap before GC invocations=13 (full 3):
 PSYoungGen      total 279040K, used 94193K [0x0000000780000000, 0x000000079c200000, 0x00000007c0000000)
  eden space 184832K, 0% used [0x0000000780000000,0x0000000780000000,0x000000078b480000)
  from space 94208K, 99% used [0x0000000792a80000,0x000000079867c4e0,0x0000000798680000)
  to   space 120832K, 0% used [0x000000078b480000,0x000000078b480000,0x0000000792a80000)
 ParOldGen       total 163840K, used 145440K [0x0000000700000000, 0x000000070a000000, 0x0000000780000000)
  object space 163840K, 88% used [0x0000000700000000,0x0000000708e08228,0x000000070a000000)
 Metaspace       used 34148K, capacity 34609K, committed 34992K, reserved 1079296K
  class space    used 4347K, capacity 4469K, committed 4528K, reserved 1048576K
Event: 9.628 GC heap after
Heap after GC invocations=13 (full 3):
 PSYoungGen      total 279040K, used 74611K [0x0000000780000000, 0x000000079c200000, 0x00000007c0000000)
  eden space 184832K, 0% used [0x0000000780000000,0x0000000780000000,0x000000078b480000)
  from space 94208K, 79% used [0x0000000792a80000,0x000000079735cd90,0x0000000798680000)
  to   space 120832K, 0% used [0x000000078b480000,0x000000078b480000,0x0000000792a80000)
 ParOldGen       total 312320K, used 163503K [0x0000000700000000, 0x0000000713100000, 0x0000000780000000)
  object space 312320K, 52% used [0x0000000700000000,0x0000000709fabf30,0x0000000713100000)
 Metaspace       used 34148K, capacity 34609K, committed 34992K, reserved 1079296K
  class space    used 4347K, capacity 4469K, committed 4528K, reserved 1048576K
}
Event: 9.993 GC heap before
{Heap before GC invocations=14 (full 3):
 PSYoungGen      total 279040K, used 259443K [0x0000000780000000, 0x000000079c200000, 0x00000007c0000000)
  eden space 184832K, 100% used [0x0000000780000000,0x000000078b480000,0x000000078b480000)
  from space 94208K, 79% used [0x0000000792a80000,0x000000079735cd90,0x0000000798680000)
  to   space 120832K, 0% used [0x000000078b480000,0x000000078b480000,0x0000000792a80000)
 ParOldGen       total 312320K, used 163503K [0x0000000700000000, 0x0000000713100000, 0x0000000780000000)
  object space 312320K, 52% used [0x0000000700000000,0x0000000709fabf30,0x0000000713100000)
 Metaspace       used 34148K, capacity 34609K, committed 34992K, reserved 1079296K
  class space    used 4347K, capacity 4469K, committed 4528K, reserved 1048576K
Event: 10.182 GC heap after
Heap after GC invocations=14 (full 3):
 PSYoungGen      total 305664K, used 111200K [0x0000000780000000, 0x000000079f600000, 0x00000007c0000000)
  eden space 184832K, 0% used [0x0000000780000000,0x0000000780000000,0x000000078b480000)
  from space 120832K, 92% used [0x000000078b480000,0x0000000792118000,0x0000000792a80000)
  to   space 138752K, 0% used [0x0000000796e80000,0x0000000796e80000,0x000000079f600000)
 ParOldGen       total 312320K, used 195521K [0x0000000700000000, 0x0000000713100000, 0x0000000780000000)
  object space 312320K, 62% used [0x0000000700000000,0x000000070bef0528,0x0000000713100000)
 Metaspace       used 34148K, capacity 34609K, committed 34992K, reserved 1079296K
  class space    used 4347K, capacity 4469K, committed 4528K, reserved 1048576K
}
Event: 10.505 GC heap before
{Heap before GC invocations=15 (full 3):
 PSYoungGen      total 305664K, used 296032K [0x0000000780000000, 0x000000079f600000, 0x00000007c0000000)
  eden space 184832K, 100% used [0x0000000780000000,0x000000078b480000,0x000000078b480000)
  from space 120832K, 92% used [0x000000078b480000,0x0000000792118000,0x0000000792a80000)
  to   space 138752K, 0% used [0x0000000796e80000,0x0000000796e80000,0x000000079f600000)
 ParOldGen       total 312320K, used 195521K [0x0000000700000000, 0x0000000713100000, 0x0000000780000000)
  object space 312320K, 62% used [0x0000000700000000,0x000000070bef0528,0x0000000713100000)
 Metaspace       used 34148K, capacity 34609K, committed 34992K, reserved 1079296K
  class space    used 4347K, capacity 4469K, committed 4528K, reserved 1048576K
Event: 10.713 GC heap after
Heap after GC invocations=15 (full 3):
 PSYoungGen      total 335872K, used 138752K [0x0000000780000000, 0x00000007a4d00000, 0x00000007c0000000)
  eden space 197120K, 0% used [0x0000000780000000,0x0000000780000000,0x000000078c080000)
  from space 138752K, 100% used [0x0000000796e80000,0x000000079f600000,0x000000079f600000)
  to   space 178176K, 0% used [0x000000078c080000,0x000000078c080000,0x0000000796e80000)
 ParOldGen       total 312320K, used 236546K [0x0000000700000000, 0x0000000713100000, 0x0000000780000000)
  object space 312320K, 75% used [0x0000000700000000,0x000000070e700bd8,0x0000000713100000)
 Metaspace       used 34148K, capacity 34609K, committed 34992K, reserved 1079296K
  class space    used 4347K, capacity 4469K, committed 4528K, reserved 1048576K
}
Event: 12.920 GC heap before
{Heap before GC invocations=16 (full 3):
 PSYoungGen      total 335872K, used 335872K [0x0000000780000000, 0x00000007a4d00000, 0x00000007c0000000)
  eden space 197120K, 100% used [0x0000000780000000,0x000000078c080000,0x000000078c080000)
  from space 138752K, 100% used [0x0000000796e80000,0x000000079f600000,0x000000079f600000)
  to   space 178176K, 0% used [0x000000078c080000,0x000000078c080000,0x0000000796e80000)
 ParOldGen       total 312320K, used 236546K [0x0000000700000000, 0x0000000713100000, 0x0000000780000000)
  object space 312320K, 75% used [0x0000000700000000,0x000000070e700bd8,0x0000000713100000)
 Metaspace       used 43307K, capacity 43947K, committed 44208K, reserved 1087488K
  class space    used 5334K, capacity 5508K, committed 5552K, reserved 1048576K
Event: 13.063 GC heap after
Heap after GC invocations=16 (full 3):
 PSYoungGen      total 375296K, used 148249K [0x0000000780000000, 0x00000007a7e80000, 0x00000007c0000000)
  eden space 197120K, 0% used [0x0000000780000000,0x0000000780000000,0x000000078c080000)
  from space 178176K, 83% used [0x000000078c080000,0x0000000795146708,0x0000000796e80000)
  to   space 198144K, 0% used [0x000000079bd00000,0x000000079bd00000,0x00000007a7e80000)
 ParOldGen       total 312320K, used 263209K [0x0000000700000000, 0x0000000713100000, 0x0000000780000000)
  object space 312320K, 84% used [0x0000000700000000,0x000000071010a5e0,0x0000000713100000)
 Metaspace       used 43307K, capacity 43947K, committed 44208K, reserved 1087488K
  class space    used 5334K, capacity 5508K, committed 5552K, reserved 1048576K
}
Event: 13.063 GC heap before
{Heap before GC invocations=17 (full 4):
 PSYoungGen      total 375296K, used 148249K [0x0000000780000000, 0x00000007a7e80000, 0x00000007c0000000)
  eden space 197120K, 0% used [0x0000000780000000,0x0000000780000000,0x000000078c080000)
  from space 178176K, 83% used [0x000000078c080000,0x0000000795146708,0x0000000796e80000)
  to   space 198144K, 0% used [0x000000079bd00000,0x000000079bd00000,0x00000007a7e80000)
 ParOldGen       total 312320K, used 263209K [0x0000000700000000, 0x0000000713100000, 0x0000000780000000)
  object space 312320K, 84% used [0x0000000700000000,0x000000071010a5e0,0x0000000713100000)
 Metaspace       used 43307K, capacity 43947K, committed 44208K, reserved 1087488K
  class space    used 5334K, capacity 5508K, committed 5552K, reserved 1048576K
Event: 15.282 GC heap after
Heap after GC invocations=17 (full 4):
 PSYoungGen      total 375296K, used 97077K [0x0000000780000000, 0x00000007a7e80000, 0x00000007c0000000)
  eden space 197120K, 0% used [0x0000000780000000,0x0000000780000000,0x000000078c080000)
  from space 178176K, 54% used [0x000000078c080000,0x0000000791f4d660,0x0000000796e80000)
  to   space 198144K, 0% used [0x000000079bd00000,0x000000079bd00000,0x00000007a7e80000)
 ParOldGen       total 506880K, used 312125K [0x0000000700000000, 0x000000071ef00000, 0x0000000780000000)
  object space 506880K, 61% used [0x0000000700000000,0x00000007130cf758,0x000000071ef00000)
 Metaspace       used 43307K, capacity 43947K, committed 44208K, reserved 1087488K
  class space    used 5334K, capacity 5508K, committed 5552K, reserved 1048576K
}

